[debug] [2026-06-10T00:43:46.630Z] ----------------------------------------------------------------------
[debug] [2026-06-10T00:43:46.632Z] Command:       C:\Program Files\nodejs\node.exe C:\Users\gabri\AppData\Roaming\npm\node_modules\firebase-tools\lib\bin\firebase.js deploy
[debug] [2026-06-10T00:43:46.632Z] CLI Version:   15.18.0
[debug] [2026-06-10T00:43:46.632Z] Platform:      win32
[debug] [2026-06-10T00:43:46.632Z] Node Version:  v24.11.0
[debug] [2026-06-10T00:43:46.632Z] Time:          Tue Jun 09 2026 19:43:46 GMT-0500 (hora estándar de Perú)
[debug] [2026-06-10T00:43:46.632Z] ----------------------------------------------------------------------
[debug] 
[debug] [2026-06-10T00:43:46.634Z] >>> [apiv2][query] GET https://firebase-public.firebaseio.com/cli.json [none]
[debug] [2026-06-10T00:43:48.781Z] > command requires scopes: ["email","openid","https://www.googleapis.com/auth/cloudplatformprojects.readonly","https://www.googleapis.com/auth/firebase","https://www.googleapis.com/auth/cloud-platform"]
[debug] [2026-06-10T00:43:48.781Z] > authorizing via signed-in user (gabrielferran13@gmail.com)
[debug] [2026-06-10T00:43:48.781Z] [iam] checking project tankiq-3c9c2 for permissions ["firebase.projects.get","firebasehosting.sites.update"]
[debug] [2026-06-10T00:43:48.782Z] Checked if tokens are valid: false, expires at: 1778886282721
[debug] [2026-06-10T00:43:48.782Z] Checked if tokens are valid: false, expires at: 1778886282721
[debug] [2026-06-10T00:43:48.782Z] > refreshing access token with scopes: []
[debug] [2026-06-10T00:43:48.783Z] >>> [apiv2][query] POST https://www.googleapis.com/oauth2/v3/token [none]
[debug] [2026-06-10T00:43:48.783Z] >>> [apiv2][body] POST https://www.googleapis.com/oauth2/v3/token [omitted]
[debug] [2026-06-10T00:43:48.998Z] <<< [apiv2][status] POST https://www.googleapis.com/oauth2/v3/token 200
[debug] [2026-06-10T00:43:48.999Z] <<< [apiv2][body] POST https://www.googleapis.com/oauth2/v3/token [omitted]
[debug] [2026-06-10T00:43:49.003Z] >>> [apiv2][query] POST https://cloudresourcemanager.googleapis.com/v1/projects/tankiq-3c9c2:testIamPermissions [none]
[debug] [2026-06-10T00:43:49.003Z] >>> [apiv2][(partial)header] POST https://cloudresourcemanager.googleapis.com/v1/projects/tankiq-3c9c2:testIamPermissions  x-goog-user-project=tankiq-3c9c2
[debug] [2026-06-10T00:43:49.003Z] >>> [apiv2][body] POST https://cloudresourcemanager.googleapis.com/v1/projects/tankiq-3c9c2:testIamPermissions {"permissions":["firebase.projects.get","firebasehosting.sites.update"]}
[debug] [2026-06-10T00:43:49.227Z] <<< [apiv2][status] GET https://firebase-public.firebaseio.com/cli.json 200
[debug] [2026-06-10T00:43:49.227Z] <<< [apiv2][body] GET https://firebase-public.firebaseio.com/cli.json {"cloudBuildErrorAfter":1594252800000,"cloudBuildWarnAfter":1590019200000,"defaultNode10After":1594252800000,"minVersion":"3.0.5","node8DeploysDisabledAfter":1613390400000,"node8RuntimeDisabledAfter":1615809600000,"node8WarnAfter":1600128000000}
[debug] [2026-06-10T00:43:50.319Z] <<< [apiv2][status] POST https://cloudresourcemanager.googleapis.com/v1/projects/tankiq-3c9c2:testIamPermissions 403
[debug] [2026-06-10T00:43:50.319Z] <<< [apiv2][body] POST https://cloudresourcemanager.googleapis.com/v1/projects/tankiq-3c9c2:testIamPermissions {"error":{"code":403,"message":"Caller does not have required permission to use project tankiq-3c9c2. Grant the caller the roles/serviceusage.serviceUsageConsumer role, or a custom role with the serviceusage.services.use permission, by visiting https://console.developers.google.com/iam-admin/iam?project=tankiq-3c9c2 and then retry. Propagation of the new permission may take a few minutes.","status":"PERMISSION_DENIED","details":[{"@type":"type.googleapis.com/google.rpc.ErrorInfo","reason":"USER_PROJECT_DENIED","domain":"googleapis.com","metadata":{"containerInfo":"tankiq-3c9c2","consumer":"projects/tankiq-3c9c2","consoleUrl":"https://console.developers.google.com/iam-admin/iam?project=tankiq-3c9c2","service":"cloudresourcemanager.googleapis.com"}},{"@type":"type.googleapis.com/google.rpc.LocalizedMessage","locale":"en-US","message":"Caller does not have required permission to use project tankiq-3c9c2. Grant the caller the roles/serviceusage.serviceUsageConsumer role, or a custom role with the serviceusage.services.use permission, by visiting https://console.developers.google.com/iam-admin/iam?project=tankiq-3c9c2 and then retry. Propagation of the new permission may take a few minutes."},{"@type":"type.googleapis.com/google.rpc.Help","links":[{"description":"Google developer console IAM admin","url":"https://console.developers.google.com/iam-admin/iam?project=tankiq-3c9c2"}]}]}}
[debug] [2026-06-10T00:43:50.320Z] [iam] error while checking permissions, command may fail: Request to https://cloudresourcemanager.googleapis.com/v1/projects/tankiq-3c9c2:testIamPermissions had HTTP Error: 403, Caller does not have required permission to use project tankiq-3c9c2. Grant the caller the roles/serviceusage.serviceUsageConsumer role, or a custom role with the serviceusage.services.use permission, by visiting https://console.developers.google.com/iam-admin/iam?project=tankiq-3c9c2 and then retry. Propagation of the new permission may take a few minutes.
[debug] [2026-06-10T00:43:50.320Z] Checked if tokens are valid: true, expires at: 1781055827999
[debug] [2026-06-10T00:43:50.320Z] Checked if tokens are valid: true, expires at: 1781055827999
[debug] [2026-06-10T00:43:50.320Z] >>> [apiv2][query] GET https://firebase.googleapis.com/v1beta1/projects/tankiq-3c9c2 [none]
[debug] [2026-06-10T00:43:50.727Z] <<< [apiv2][status] GET https://firebase.googleapis.com/v1beta1/projects/tankiq-3c9c2 403
[debug] [2026-06-10T00:43:50.728Z] <<< [apiv2][body] GET https://firebase.googleapis.com/v1beta1/projects/tankiq-3c9c2 {"error":{"code":403,"message":"The caller does not have permission","status":"PERMISSION_DENIED"}}
[debug] [2026-06-10T00:43:50.728Z] Request to https://firebase.googleapis.com/v1beta1/projects/tankiq-3c9c2 had HTTP Error: 403, The caller does not have permission
[debug] [2026-06-10T00:43:50.728Z] FirebaseError: Request to https://firebase.googleapis.com/v1beta1/projects/tankiq-3c9c2 had HTTP Error: 403, The caller does not have permission
    at responseToError (C:\Users\gabri\AppData\Roaming\npm\node_modules\firebase-tools\lib\responseToError.js:53:12)
    at RetryOperation._fn (C:\Users\gabri\AppData\Roaming\npm\node_modules\firebase-tools\lib\apiv2.js:333:77)
    at process.processTicksAndRejections (node:internal/process/task_queues:105:5)
[error] 
[error] Error: Failed to get Firebase project tankiq-3c9c2. Please make sure the project exists and your account has permission to access it.
